platforms/android/app/build/outputs/logs/manifest-merger-debug-report.txt
-- Merging decision tree log ---
manifest
ADDED from src\main\AndroidManifest.xml:2:1-31:12
INJECTED from src\main\AndroidManifest.xml:2:1-31:12
INJECTED from src\main\AndroidManifest.xml:2:1-31:12
INJECTED from src\main\AndroidManifest.xml:2:1-31:12
MERGED from [:CordovaLib] AndroidManifest.xml:20:1-27:12
INJECTED from src\main\AndroidManifest.xml:2:1-31:12
INJECTED from src\main\AndroidManifest.xml:2:1-31:12
INJECTED from src\main\AndroidManifest.xml:2:1-31:12
	package
		ADDED from src\main\AndroidManifest.xml:2:102-122
		INJECTED from src\main\AndroidManifest.xml
		INJECTED from src\main\AndroidManifest.xml
	android:versionName
		ADDED from src\main\AndroidManifest.xml:2:74-101
		INJECTED from src\main\AndroidManifest.xml
		INJECTED from src\main\AndroidManifest.xml
	android:hardwareAccelerated
		ADDED from src\main\AndroidManifest.xml:2:11-45
	xmlns:android
		ADDED from src\main\AndroidManifest.xml:2:123-181
	android:versionCode
		ADDED from src\main\AndroidManifest.xml:2:46-73
		INJECTED from src\main\AndroidManifest.xml
		INJECTED from src\main\AndroidManifest.xml
supports-screens
ADDED from src\main\AndroidManifest.xml:3:5-191
	android:largeScreens
		ADDED from src\main\AndroidManifest.xml:3:49-76
	android:smallScreens
		ADDED from src\main\AndroidManifest.xml:3:132-159
	android:normalScreens
		ADDED from src\main\AndroidManifest.xml:3:77-105
	android:xlargeScreens
		ADDED from src\main\AndroidManifest.xml:3:160-188
	android:resizeable
		ADDED from src\main\AndroidManifest.xml:3:106-131
	android:anyDensity
		ADDED from src\main\AndroidManifest.xml:3:23-48
uses-permission#android.permission.INTERNET
ADDED from src\main\AndroidManifest.xml:4:5-67
	android:name
		ADDED from src\main\AndroidManifest.xml:4:22-64
application
ADDED from src\main\AndroidManifest.xml:5:5-14:19
	android:supportsRtl
		ADDED from src\main\AndroidManifest.xml:5:114-140
	android:label
		ADDED from src\main\AndroidManifest.xml:5:81-113
	android:hardwareAccelerated
		ADDED from src\main\AndroidManifest.xml:5:18-52
	android:icon
		ADDED from src\main\AndroidManifest.xml:5:53-80
activity#com.my.app.MainActivity
ADDED from src\main\AndroidManifest.xml:6:9-11:20
	android:label
		ADDED from src\main\AndroidManifest.xml:6:97-134
	android:launchMode
		ADDED from src\main\AndroidManifest.xml:6:135-165
	android:windowSoftInputMode
		ADDED from src\main\AndroidManifest.xml:6:257-299
	android:configChanges
		ADDED from src\main\AndroidManifest.xml:6:19-96
	android:theme
		ADDED from src\main\AndroidManifest.xml:6:194-256
	android:name
		ADDED from src\main\AndroidManifest.xml:6:166-193
intent-filter#android.intent.action.MAIN+android.intent.category.LAUNCHER
ADDED from src\main\AndroidManifest.xml:7:13-10:29
	android:label
		ADDED from src\main\AndroidManifest.xml:7:28-65
action#android.intent.action.MAIN
ADDED from src\main\AndroidManifest.xml:8:17-69
	android:name
		ADDED from src\main\AndroidManifest.xml:8:25-66
category#android.intent.category.LAUNCHER
ADDED from src\main\AndroidManifest.xml:9:17-77
	android:name
		ADDED from src\main\AndroidManifest.xml:9:27-74
service#com.baidu.location.f
ADDED from src\main\AndroidManifest.xml:12:9-13:19
	android:process
		ADDED from src\main\AndroidManifest.xml:12:77-102
	android:enabled
		ADDED from src\main\AndroidManifest.xml:12:18-40
	android:name
		ADDED from src\main\AndroidManifest.xml:12:41-76
uses-permission#android.permission.CHANGE_WIFI_STATE
ADDED from src\main\AndroidManifest.xml:16:5-76
	android:name
		ADDED from src\main\AndroidManifest.xml:16:22-73
uses-permission#android.permission.MOUNT_UNMOUNT_FILESYSTEMS
ADDED from src\main\AndroidManifest.xml:17:5-84
	android:name
		ADDED from src\main\AndroidManifest.xml:17:22-81
uses-permission#android.permission.WAKE_LOCK
ADDED from src\main\AndroidManifest.xml:18:5-68
	android:name
		ADDED from src\main\AndroidManifest.xml:18:22-65
uses-permission#android.permission.ACCESS_COARSE_LOCATION
ADDED from src\main\AndroidManifest.xml:19:5-81
	android:name
		ADDED from src\main\AndroidManifest.xml:19:22-78
uses-permission#android.permission.ACCESS_FINE_LOCATION
ADDED from src\main\AndroidManifest.xml:20:5-79
	android:name
		ADDED from src\main\AndroidManifest.xml:20:22-76
uses-permission#android.permission.ACCESS_WIFI_STATE
ADDED from src\main\AndroidManifest.xml:21:5-76
	android:name
		ADDED from src\main\AndroidManifest.xml:21:22-73
uses-permission#android.permission.ACCESS_NETWORK_STATE
ADDED from src\main\AndroidManifest.xml:22:5-79
	android:name
		ADDED from src\main\AndroidManifest.xml:22:22-76
uses-permission#android.permission.READ_PHONE_STATE
ADDED from src\main\AndroidManifest.xml:23:5-75
	android:name
		ADDED from src\main\AndroidManifest.xml:23:22-72
uses-permission#android.permission.WRITE_EXTERNAL_STORAGE
ADDED from src\main\AndroidManifest.xml:24:5-81
	android:name
		ADDED from src\main\AndroidManifest.xml:24:22-78
uses-permission#android.permission.READ_EXTERNAL_STORAGE
ADDED from src\main\AndroidManifest.xml:25:5-80
	android:name
		ADDED from src\main\AndroidManifest.xml:25:22-77
uses-permission#com.android.launcher.permission.READ_SETTINGS
ADDED from src\main\AndroidManifest.xml:26:5-85
	android:name
		ADDED from src\main\AndroidManifest.xml:26:22-82
uses-permission#android.permission.WRITE_SETTINGS
ADDED from src\main\AndroidManifest.xml:27:5-73
	android:name
		ADDED from src\main\AndroidManifest.xml:27:22-70
uses-permission#android.permission.GET_TASKS
ADDED from src\main\AndroidManifest.xml:28:5-68
	android:name
		ADDED from src\main\AndroidManifest.xml:28:22-65
uses-permission#android.permission.CAMERA
ADDED from src\main\AndroidManifest.xml:29:5-65
	android:name
		ADDED from src\main\AndroidManifest.xml:29:22-62
uses-sdk
ADDED from src\main\AndroidManifest.xml:30:5-74
MERGED from [:CordovaLib] AndroidManifest.xml:25:5-44
MERGED from [:CordovaLib] AndroidManifest.xml:25:5-44
	android:targetSdkVersion
		ADDED from src\main\AndroidManifest.xml:30:42-71
	android:minSdkVersion
		ADDED from src\main\AndroidManifest.xml:30:15-41